<?xml version="1.0" encoding="UTF-8"?>
<!-- Generated by org.testng.reporters.JUnitXMLReporter -->
<testsuite hostname="Praveen-Jaiswal" ignored="0" name="Test" tests="0" failures="0" timestamp="2023-06-16T15:47:46 IST" time="0.254" errors="0">
  <testcase name="@BeforeClass setUpClass" time="0.152" classname="io.cucumber.testng.AbstractTestNGCucumberTests">
    <failure type="java.lang.BootstrapMethodError" message="java.lang.NoClassDefFoundError: io/cucumber/core/options/CucumberPropertiesProvider">
      <![CDATA[java.lang.BootstrapMethodError: java.lang.NoClassDefFoundError: io/cucumber/core/options/CucumberPropertiesProvider
at io.cucumber.testng.TestNGCucumberRunner.<init>(TestNGCucumberRunner.java:89)
at io.cucumber.testng.AbstractTestNGCucumberTests.setUpClass(AbstractTestNGCucumberTests.java:27)
at java.util.ArrayList.forEach(ArrayList.java:1257)
Caused by: java.lang.NoClassDefFoundError: io/cucumber/core/options/CucumberPropertiesProvider
... 28 more
Caused by: java.lang.ClassNotFoundException: io.cucumber.core.options.CucumberPropertiesProvider
at java.net.URLClassLoader.findClass(URLClassLoader.java:381)
at java.lang.ClassLoader.loadClass(ClassLoader.java:424)
at sun.misc.Launcher$AppClassLoader.loadClass(Launcher.java:338)
at java.lang.ClassLoader.loadClass(ClassLoader.java:357)
... 28 more
... Removed 25 stack frames]]>
    </failure>
  </testcase> <!-- @BeforeClass setUpClass -->
  <testcase name="@BeforeClass writeExtentReport" time="-1.686910666917E9" classname="com.runner.TestRunner">
    <skipped/>
  </testcase> <!-- @BeforeClass writeExtentReport -->
</testsuite> <!-- Test -->
